0 info it worked if it ends with ok
1 verbose cli [ '/usr/local/Cellar/node/6.3.1/bin/node',
1 verbose cli   '/usr/local/bin/npm',
1 verbose cli   'run',
1 verbose cli   'start' ]
2 info using npm@3.10.3
3 info using node@v6.3.1
4 verbose run-script [ 'prestart', 'start', 'poststart' ]
5 info lifecycle node-js-getting-started@0.1.5~prestart: node-js-getting-started@0.1.5
6 silly lifecycle node-js-getting-started@0.1.5~prestart: no script for prestart, continuing
7 info lifecycle node-js-getting-started@0.1.5~start: node-js-getting-started@0.1.5
8 verbose lifecycle node-js-getting-started@0.1.5~start: unsafe-perm in lifecycle true
9 verbose lifecycle node-js-getting-started@0.1.5~start: PATH: /usr/local/lib/node_modules/npm/bin/node-gyp-bin:/Users/Kaijun/Projects/zimuzu-auto-sign-heroku/node_modules/.bin:/usr/local/Cellar/node/6.3.1/bin:/usr/local/bin:/usr/bin:/bin:/usr/sbin:/sbin:/usr/local/go/bin
10 verbose lifecycle node-js-getting-started@0.1.5~start: CWD: /Users/Kaijun/Projects/zimuzu-auto-sign-heroku
11 silly lifecycle node-js-getting-started@0.1.5~start: Args: [ '-c', 'node index.js' ]
12 silly lifecycle node-js-getting-started@0.1.5~start: Returned: code: 1  signal: null
13 info lifecycle node-js-getting-started@0.1.5~start: Failed to exec start script
14 verbose stack Error: node-js-getting-started@0.1.5 start: `node index.js`
14 verbose stack Exit status 1
14 verbose stack     at EventEmitter.<anonymous> (/usr/local/lib/node_modules/npm/lib/utils/lifecycle.js:242:16)
14 verbose stack     at emitTwo (events.js:106:13)
14 verbose stack     at EventEmitter.emit (events.js:191:7)
14 verbose stack     at ChildProcess.<anonymous> (/usr/local/lib/node_modules/npm/lib/utils/spawn.js:40:14)
14 verbose stack     at emitTwo (events.js:106:13)
14 verbose stack     at ChildProcess.emit (events.js:191:7)
14 verbose stack     at maybeClose (internal/child_process.js:852:16)
14 verbose stack     at Process.ChildProcess._handle.onexit (internal/child_process.js:215:5)
15 verbose pkgid node-js-getting-started@0.1.5
16 verbose cwd /Users/Kaijun/Projects/zimuzu-auto-sign-heroku
17 error Darwin 15.6.0
18 error argv "/usr/local/Cellar/node/6.3.1/bin/node" "/usr/local/bin/npm" "run" "start"
19 error node v6.3.1
20 error npm  v3.10.3
21 error code ELIFECYCLE
22 error node-js-getting-started@0.1.5 start: `node index.js`
22 error Exit status 1
23 error Failed at the node-js-getting-started@0.1.5 start script 'node index.js'.
23 error Make sure you have the latest version of node.js and npm installed.
23 error If you do, this is most likely a problem with the node-js-getting-started package,
23 error not with npm itself.
23 error Tell the author that this fails on your system:
23 error     node index.js
23 error You can get information on how to open an issue for this project with:
23 error     npm bugs node-js-getting-started
23 error Or if that isn't available, you can get their info via:
23 error     npm owner ls node-js-getting-started
23 error There is likely additional logging output above.
24 verbose exit [ 1, true ]
